2026-02-03 00:45:31,864 - ID676983356 выполнил: включил dev-режим (глобально)
2026-02-03 00:45:32,009 - Егор Сяшкин выполнил: добавил себя как админа в dev-режиме [id676983356|Егор Сяшкин] (в чате 676983356)
2026-02-03 00:45:32,016 - Егор Сяшкин выполнил: получил FULL ACCESS в dev-режиме [id676983356|Егор Сяшкин] (в чате 676983356)
2026-02-03 00:45:40,995 - Егор Сяшкин выполнил: включил dev-режим (глобально)
2026-02-03 00:45:41,228 - Егор Сяшкин выполнил: добавил себя как админа в dev-режиме [id676983356|Егор Сяшкин] (в чате 2000000002)
2026-02-03 00:45:41,235 - Егор Сяшкин выполнил: получил FULL ACCESS в dev-режиме [id676983356|Егор Сяшкин] (в чате 2000000002)
2026-02-03 00:45:42,886 - Егор Сяшкин выполнил: включил dev-режим (глобально)
2026-02-03 00:45:43,030 - Егор Сяшкин выполнил: добавил себя как админа в dev-режиме [id676983356|Егор Сяшкин] (в чате 2000000001)
2026-02-03 00:45:43,037 - Егор Сяшкин выполнил: получил FULL ACCESS в dev-режиме [id676983356|Егор Сяшкин] (в чате 2000000001)
2026-02-03 00:46:31,566 - Егор Сяшкин выполнил: установил приветственное сообщение (в чате 2000000001)
2026-02-03 00:46:54,296 - Егор Сяшкин выполнил: получил ежедневный бонус (+50 фишек)
2026-02-03 00:47:05,854 - ID797241043 выполнил: получил ежедневный бонус (+50 фишек)
2026-02-03 00:47:58,568 - Егор Сяшкин выполнил: добавил администратора [id797241043|Tsuki_Nevermore] (ник: Tsuki_Nevermore в чате 2000000001)
2026-02-03 00:48:36,413 - Егор Сяшкин выполнил: изменил уровень для [id797241043|Tsuki_Nevermore] (новое: 8 в чате 2000000001)
2026-02-03 00:51:51,507 - Егор Сяшкин выполнил: добавил администратора [id819889625|Katana_Samurai] (ник: Katana_Samurai в чате 2000000001)
2026-02-03 00:51:55,720 - Егор Сяшкин выполнил: изменил уровень для [id819889625|Katana_Samurai] (новое: 9 в чате 2000000001)
2026-02-03 01:06:26,035 - Егор Сяшкин выполнил: снял с поста админа (не удалось исключить) [id797241043|Tsuki_Nevermore] (в чате 2000000001)
2026-02-03 01:12:56,086 - Егор Сяшкин выполнил: добавил администратора [id797241043|Tsuki_Nevermore] (ник: Tsuki_Nevermore в чате 2000000001)
2026-02-03 01:14:33,356 - Егор Сяшкин выполнил: включил dev-режим (глобально)
2026-02-03 01:14:33,363 - Егор Сяшкин выполнил: получил FULL ACCESS в dev-режиме [id676983356|Егор Сяшкин] (в чате 2000000001)
2026-02-03 01:15:06,882 - Егор Сяшкин выполнил: изменил уровень для [id797241043|Tsuki_Nevermore] (новое: 8 в чате 2000000001)
2026-02-03 01:18:21,680 - Tsuki_Nevermore выполнил: изменил должность для [id797241043|Tsuki_Nevermore] (новое: Красный Администратор в чате 2000000001)
2026-02-03 01:20:44,208 - Егор Сяшкин выполнил: изменил должность для [id797241043|Tsuki_Nevermore] (новое: Спец. Администратор в чате 2000000001)
2026-02-03 01:21:49,494 - Егор Сяшкин выполнил: изменил должность для [id676983356|Егор Сяшкин] (новое: Developer в чате 2000000001)
2026-02-03 01:22:00,707 - Egor_Miracle выполнил: изменил ник для [id676983356|Egor_Miracle] (старый: Егор Сяшкин, новый: Egor_Miracle в чате 2000000001)
2026-02-03 01:22:31,785 - Egor_Miracle выполнил: изменил должность для [id819889625|Katana_Samurai] (новое: Владелец в чате 2000000001)
2026-02-03 01:22:51,948 - Tsuki_Nevermore выполнил: добавил администратора [id760015750|Alexander_Malboro] (ник: Alexander_Malboro в чате 2000000001)
2026-02-03 01:23:12,306 - Tsuki_Nevermore выполнил: изменил уровень для [id760015750|Alexander_Malboro] (новое: 7 в чате 2000000001)
2026-02-03 01:23:38,951 - Tsuki_Nevermore выполнил: изменил должность для [id760015750|Alexander_Malboro] (новое: Главный Администратор в чате 2000000001)
2026-02-03 01:26:01,382 - Tsuki_Nevermore выполнил: добавил администратора [id1034160610|Rastishka_Dipsize] (ник: Rastishka_Dipsize в чате 2000000001)
2026-02-03 01:26:22,273 - Tsuki_Nevermore выполнил: изменил уровень для [id1034160610|Rastishka_Dipsize] (новое: 6 в чате 2000000001)
2026-02-03 01:26:30,275 - Egor_Miracle выполнил: добавил администратора [id798928595|Matras_Shampyr] (ник: Matras_Shampyr в чате 2000000001)
2026-02-03 01:26:36,274 - Egor_Miracle выполнил: изменил уровень для [id798928595|Matras_Shampyr] (новое: 9 в чате 2000000001)
2026-02-03 01:26:44,281 - Egor_Miracle выполнил: изменил должность для [id798928595|Matras_Shampyr] (новое: Владелец в чате 2000000001)
2026-02-03 01:26:51,401 - Tsuki_Nevermore выполнил: изменил должность для [id1034160610|Rastishka_Dipsize] (новое: Зам.Главного Администратора в чате 2000000001)
2026-02-03 01:27:29,858 - Tsuki_Nevermore выполнил: добавил администратора [id608499847|Rusik_Senloran] (ник: Rusik_Senloran в чате 2000000001)
2026-02-03 01:27:39,192 - Tsuki_Nevermore выполнил: изменил уровень для [id608499847|Rusik_Senloran] (новое: 4 в чате 2000000001)
2026-02-03 01:27:59,622 - Tsuki_Nevermore выполнил: изменил должность для [id608499847|Rusik_Senloran] (новое: Тех.Администратор в чате 2000000001)
2026-02-03 01:28:43,178 - Egor_Miracle выполнил: создал тег (название: ка в чате 2000000001)
2026-02-03 01:31:26,269 - Egor_Miracle выполнил: выдал выговор [id797241043|Tsuki_Nevermore] (причина: 2 в чате 2000000001)
2026-02-03 01:31:31,661 - Egor_Miracle выполнил: выдал выговор [id797241043|Tsuki_Nevermore] (причина: 2 в чате 2000000001)
2026-02-03 01:31:33,318 - Egor_Miracle выполнил: выдал выговор [id797241043|Tsuki_Nevermore] (причина: 2 в чате 2000000001)
2026-02-03 01:31:33,647 - СИСТЕМА выполнил: автоматически снял админа (лимит нарушений) [id797241043|Tsuki_Nevermore] (в чате 2000000001)
2026-02-03 01:40:39,614 - Egor_Miracle выполнил: включил dev-режим (глобально)
2026-02-03 01:40:39,688 - Егор Сяшкин выполнил: добавил себя как админа в dev-режиме [id676983356|Егор Сяшкин] (в чате 2000000004)
2026-02-03 01:40:39,692 - Егор Сяшкин выполнил: получил FULL ACCESS в dev-режиме [id676983356|Егор Сяшкин] (в чате 2000000004)
2026-02-03 01:41:12,878 - Егор Сяшкин выполнил: добавил администратора [id797241043|Tsuki_Nevermore] (ник: Tsuki_Nevermore в чате 2000000004)
2026-02-03 01:41:20,486 - Егор Сяшкин выполнил: изменил уровень для [id797241043|Tsuki_Nevermore] (новое: 8 в чате 2000000004)
2026-02-03 01:42:28,744 - Tsuki_Nevermore выполнил: изменил должность для [id797241043|Tsuki_Nevermore] (новое: Спец. Администратор в чате 2000000004)
2026-02-03 01:43:13,764 - Tsuki_Nevermore выполнил: добавил администратора [id819889625|Katana_Samurai] (ник: Katana_Samurai в чате 2000000004)
2026-02-03 01:43:18,696 - Tsuki_Nevermore выполнил: изменил уровень для [id819889625|Katana_Samurai] (новое: 8 в чате 2000000004)
2026-02-03 01:43:52,730 - Tsuki_Nevermore выполнил: добавил администратора [id798928595|Matras_Shampyr] (ник: Matras_Shampyr в чате 2000000004)
2026-02-03 01:43:59,397 - Tsuki_Nevermore выполнил: изменил уровень для [id798928595|Matras_Shampyr] (новое: 8 в чате 2000000004)
2026-02-03 01:48:08,518 - Егор Сяшкин выполнил: включил dev-режим (глобально)
2026-02-03 01:48:08,657 - Егор Сяшкин выполнил: добавил себя как админа в dev-режиме [id676983356|Егор Сяшкин] (в чате 2000000005)
2026-02-03 01:48:08,664 - Егор Сяшкин выполнил: получил FULL ACCESS в dev-режиме [id676983356|Егор Сяшкин] (в чате 2000000005)
2026-02-03 01:48:19,757 - Егор Сяшкин выполнил: добавил администратора [id797241043|Tsuki_Nevermore] (ник: Tsuki_Nevermore в чате 2000000005)
2026-02-03 01:48:24,410 - Егор Сяшкин выполнил: изменил уровень для [id797241043|Tsuki_Nevermore] (новое: 8 в чате 2000000005)
